<?xml version="1.0" encoding="UTF-8"?>
<!-- Generated by org.testng.reporters.JUnitXMLReporter -->
<testsuite hostname="DESKTOP-LAO6R8V" ignored="2" name="Smoke Test" tests="1" failures="0" timestamp="2022-12-15T14:00:05 GMT" time="6.602" errors="0">
  <testcase name="anAustralianComingToUKForTourism" time="1.136" classname="gov.uk.check.visa.testsuite.VisaConformationTest"/>
  <testcase name="aChileanComingToTheUKForWorkAndPlansOnStayingForLongerThanSixMonths" time="0.0" classname="gov.uk.check.visa.testsuite.VisaConformationTest">
    <ignored/>
  </testcase> <!-- aChileanComingToTheUKForWorkAndPlansOnStayingForLongerThanSixMonths -->
  <testcase name="aColumbianNationalComingToTheUKToJoinAPartnerForALongStayTheyDoHaveAnArticle10Or20Card" time="0.0" classname="gov.uk.check.visa.testsuite.VisaConformationTest">
    <ignored/>
  </testcase> <!-- aColumbianNationalComingToTheUKToJoinAPartnerForALongStayTheyDoHaveAnArticle10Or20Card -->
</testsuite> <!-- Smoke Test -->
