<?xml version="1.0" encoding="UTF-8"?>
<!-- Generated by org.testng.reporters.JUnitXMLReporter -->
<testsuite hostname="DESKTOP-LAO6R8V" ignored="2" name="Sanity Test" tests="1" failures="0" timestamp="2022-12-15T14:02:37 GMT" time="11.773" errors="0">
  <testcase name="aChileanComingToTheUKForWorkAndPlansOnStayingForLongerThanSixMonths" time="5.837" classname="gov.uk.check.visa.testsuite.VisaConformationTest"/>
  <testcase name="anAustralianComingToUKForTourism" time="0.0" classname="gov.uk.check.visa.testsuite.VisaConformationTest">
    <ignored/>
  </testcase> <!-- anAustralianComingToUKForTourism -->
  <testcase name="aColumbianNationalComingToTheUKToJoinAPartnerForALongStayTheyDoHaveAnArticle10Or20Card" time="0.0" classname="gov.uk.check.visa.testsuite.VisaConformationTest">
    <ignored/>
  </testcase> <!-- aColumbianNationalComingToTheUKToJoinAPartnerForALongStayTheyDoHaveAnArticle10Or20Card -->
</testsuite> <!-- Sanity Test -->
