<?xml version="1.0" encoding="UTF-8"?>
<!-- Generated by org.testng.reporters.JUnitXMLReporter -->
<testsuite hostname="DESKTOP-LAO6R8V" ignored="0" name="Regression Test" tests="3" failures="0" timestamp="2022-12-15T20:41:16 GMT" time="26.161" errors="0">
  <testcase name="aChileanComingToTheUKForWorkAndPlansOnStayingForLongerThanSixMonths" time="6.505" classname="gov.uk.check.visa.testsuite.VisaConformationTest"/>
  <testcase name="aColumbianNationalComingToTheUKToJoinAPartnerForALongStayTheyDoHaveAnArticle10Or20Card" time="1.445" classname="gov.uk.check.visa.testsuite.VisaConformationTest"/>
  <testcase name="anAustralianComingToUKForTourism" time="1.482" classname="gov.uk.check.visa.testsuite.VisaConformationTest"/>
</testsuite> <!-- Regression Test -->
