<?xml version="1.0" encoding="UTF-8"?>
<testng-results skipped="0" failed="0" ignored="0" total="3" passed="3">
  <reporter-output>
  </reporter-output>
  <suite name="Regression Suite" duration-ms="26161" started-at="2022-12-15T20:40:50 GMT" finished-at="2022-12-15T20:41:16 GMT">
    <groups>
      <group name="regression">
        <method signature="VisaConformationTest.aChileanComingToTheUKForWorkAndPlansOnStayingForLongerThanSixMonths()[pri:0, instance:gov.uk.check.visa.testsuite.VisaConformationTest@e320068]" name="aChileanComingToTheUKForWorkAndPlansOnStayingForLongerThanSixMonths" class="gov.uk.check.visa.testsuite.VisaConformationTest"/>
        <method signature="VisaConformationTest.aColumbianNationalComingToTheUKToJoinAPartnerForALongStayTheyDoHaveAnArticle10Or20Card()[pri:0, instance:gov.uk.check.visa.testsuite.VisaConformationTest@e320068]" name="aColumbianNationalComingToTheUKToJoinAPartnerForALongStayTheyDoHaveAnArticle10Or20Card" class="gov.uk.check.visa.testsuite.VisaConformationTest"/>
        <method signature="VisaConformationTest.anAustralianComingToUKForTourism()[pri:0, instance:gov.uk.check.visa.testsuite.VisaConformationTest@e320068]" name="anAustralianComingToUKForTourism" class="gov.uk.check.visa.testsuite.VisaConformationTest"/>
      </group> <!-- regression -->
      <group name="smoke">
        <method signature="VisaConformationTest.anAustralianComingToUKForTourism()[pri:0, instance:gov.uk.check.visa.testsuite.VisaConformationTest@e320068]" name="anAustralianComingToUKForTourism" class="gov.uk.check.visa.testsuite.VisaConformationTest"/>
      </group> <!-- smoke -->
      <group name="sanity">
        <method signature="VisaConformationTest.aChileanComingToTheUKForWorkAndPlansOnStayingForLongerThanSixMonths()[pri:0, instance:gov.uk.check.visa.testsuite.VisaConformationTest@e320068]" name="aChileanComingToTheUKForWorkAndPlansOnStayingForLongerThanSixMonths" class="gov.uk.check.visa.testsuite.VisaConformationTest"/>
      </group> <!-- sanity -->
    </groups>
    <test name="Regression Test" duration-ms="26161" started-at="2022-12-15T20:40:50 GMT" finished-at="2022-12-15T20:41:16 GMT">
      <class name="gov.uk.check.visa.testsuite.VisaConformationTest">
        <test-method status="PASS" signature="setUp()[pri:0, instance:gov.uk.check.visa.testsuite.VisaConformationTest@e320068]" name="setUp" is-config="true" duration-ms="7952" started-at="2022-12-15T20:40:50 GMT" finished-at="2022-12-15T20:40:58 GMT">
          <reporter-output>
          </reporter-output>
        </test-method> <!-- setUp -->
        <test-method status="PASS" signature="inIt()[pri:0, instance:gov.uk.check.visa.testsuite.VisaConformationTest@e320068]" name="inIt" is-config="true" duration-ms="72" started-at="2022-12-15T20:40:58 GMT" finished-at="2022-12-15T20:40:58 GMT">
          <reporter-output>
          </reporter-output>
        </test-method> <!-- inIt -->
        <test-method status="PASS" signature="aChileanComingToTheUKForWorkAndPlansOnStayingForLongerThanSixMonths()[pri:0, instance:gov.uk.check.visa.testsuite.VisaConformationTest@e320068]" name="aChileanComingToTheUKForWorkAndPlansOnStayingForLongerThanSixMonths" duration-ms="6505" started-at="2022-12-15T20:40:58 GMT" finished-at="2022-12-15T20:41:04 GMT">
          <reporter-output>
          </reporter-output>
        </test-method> <!-- aChileanComingToTheUKForWorkAndPlansOnStayingForLongerThanSixMonths -->
        <test-method status="PASS" signature="tearDown()[pri:0, instance:gov.uk.check.visa.testsuite.VisaConformationTest@e320068]" name="tearDown" is-config="true" duration-ms="1289" started-at="2022-12-15T20:41:04 GMT" finished-at="2022-12-15T20:41:06 GMT">
          <reporter-output>
          </reporter-output>
        </test-method> <!-- tearDown -->
        <test-method status="PASS" signature="setUp()[pri:0, instance:gov.uk.check.visa.testsuite.VisaConformationTest@e320068]" name="setUp" is-config="true" duration-ms="2826" started-at="2022-12-15T20:41:06 GMT" finished-at="2022-12-15T20:41:09 GMT">
          <reporter-output>
          </reporter-output>
        </test-method> <!-- setUp -->
        <test-method status="PASS" signature="inIt()[pri:0, instance:gov.uk.check.visa.testsuite.VisaConformationTest@e320068]" name="inIt" is-config="true" duration-ms="4" started-at="2022-12-15T20:41:09 GMT" finished-at="2022-12-15T20:41:09 GMT">
          <reporter-output>
          </reporter-output>
        </test-method> <!-- inIt -->
        <test-method status="PASS" signature="aColumbianNationalComingToTheUKToJoinAPartnerForALongStayTheyDoHaveAnArticle10Or20Card()[pri:0, instance:gov.uk.check.visa.testsuite.VisaConformationTest@e320068]" name="aColumbianNationalComingToTheUKToJoinAPartnerForALongStayTheyDoHaveAnArticle10Or20Card" duration-ms="1445" started-at="2022-12-15T20:41:09 GMT" finished-at="2022-12-15T20:41:10 GMT">
          <reporter-output>
          </reporter-output>
        </test-method> <!-- aColumbianNationalComingToTheUKToJoinAPartnerForALongStayTheyDoHaveAnArticle10Or20Card -->
        <test-method status="PASS" signature="tearDown()[pri:0, instance:gov.uk.check.visa.testsuite.VisaConformationTest@e320068]" name="tearDown" is-config="true" duration-ms="796" started-at="2022-12-15T20:41:10 GMT" finished-at="2022-12-15T20:41:11 GMT">
          <reporter-output>
          </reporter-output>
        </test-method> <!-- tearDown -->
        <test-method status="PASS" signature="setUp()[pri:0, instance:gov.uk.check.visa.testsuite.VisaConformationTest@e320068]" name="setUp" is-config="true" duration-ms="2880" started-at="2022-12-15T20:41:11 GMT" finished-at="2022-12-15T20:41:14 GMT">
          <reporter-output>
          </reporter-output>
        </test-method> <!-- setUp -->
        <test-method status="PASS" signature="inIt()[pri:0, instance:gov.uk.check.visa.testsuite.VisaConformationTest@e320068]" name="inIt" is-config="true" duration-ms="3" started-at="2022-12-15T20:41:14 GMT" finished-at="2022-12-15T20:41:14 GMT">
          <reporter-output>
          </reporter-output>
        </test-method> <!-- inIt -->
        <test-method status="PASS" signature="anAustralianComingToUKForTourism()[pri:0, instance:gov.uk.check.visa.testsuite.VisaConformationTest@e320068]" name="anAustralianComingToUKForTourism" duration-ms="1482" started-at="2022-12-15T20:41:14 GMT" finished-at="2022-12-15T20:41:15 GMT">
          <reporter-output>
          </reporter-output>
        </test-method> <!-- anAustralianComingToUKForTourism -->
        <test-method status="PASS" signature="tearDown()[pri:0, instance:gov.uk.check.visa.testsuite.VisaConformationTest@e320068]" name="tearDown" is-config="true" duration-ms="788" started-at="2022-12-15T20:41:15 GMT" finished-at="2022-12-15T20:41:16 GMT">
          <reporter-output>
          </reporter-output>
        </test-method> <!-- tearDown -->
      </class> <!-- gov.uk.check.visa.testsuite.VisaConformationTest -->
    </test> <!-- Regression Test -->
  </suite> <!-- Regression Suite -->
</testng-results>
