<?xml version="1.0" encoding="UTF-8"?>
<!-- Generated by org.testng.reporters.JUnitXMLReporter -->
<testsuite hostname="DESKTOP-LAO6R8V" ignored="2" name="Visa conformation Test" tests="1" failures="0" timestamp="2022-12-15T14:01:19 GMT" time="12.656" errors="0">
  <testcase name="aChileanComingToTheUKForWorkAndPlansOnStayingForLongerThanSixMonths" time="6.377" classname="gov.uk.check.visa.testsuite.VisaConformationTest"/>
  <testcase name="anAustralianComingToUKForTourism" time="0.0" classname="gov.uk.check.visa.testsuite.VisaConformationTest">
    <ignored/>
  </testcase> <!-- anAustralianComingToUKForTourism -->
  <testcase name="aColumbianNationalComingToTheUKToJoinAPartnerForALongStayTheyDoHaveAnArticle10Or20Card" time="0.0" classname="gov.uk.check.visa.testsuite.VisaConformationTest">
    <ignored/>
  </testcase> <!-- aColumbianNationalComingToTheUKToJoinAPartnerForALongStayTheyDoHaveAnArticle10Or20Card -->
</testsuite> <!-- Visa conformation Test -->
